hk4
usla5
hk5
jpto1
ukwe
sgmb

smart
jpto1
jpto3
jpto2
usla4
usla5
usla2
usse
usny
ussf
usch
uswd
usda
usmi
usla3
usnj1
uswd2
usnj3
usmi2
usde
ussl1
uskc
usta1
usph
usla1
usvi
usny2
usnj2
usho
usda2
usmi
usbo
usla
ussj
usat
ussm
ussf1
ussf2
hk5
hk4
hk2
hk1
hk3
hk6
ukwe
ukbe
ukel
uklo
ukdo
ukke
ukbe2
sgmb
sgju
sgcb
cato2
cato
cava
camo
denu
defr1
defr2
deda
frst
frpa1
frpa2
inmu1
in
inch
aume
ausy
ausy3
aupe
aubr
ausy2
krsk2
krsk
ph
my
lk
pk
kz
th
id
nz
tw3
twvh
twvh2
vn
mo
kh
mn
la
mm
np
kg
uz
bd
bt
bnbr
mx
br2
br
pa
cl
ar
cr
co
ve
ec
gt
pe
uy
bs
nlam
nlro
nlth
se
se2
ch
ch2
itmi
itco
ro
im
esma
esba
tr
ie
is
no
dk
be
fi
gr
pt
at
ru
am
pl
lt
lv
ee
cz
ad
me
ba
lu
hu
bg
by
ua
mt
li
cy
al
hr
si
sk
mc
je
mk
mdmo
rs
ge
az
za
il
eg
ke
dz
